<?xml version="1.0" encoding="UTF-8"?>
<!-- Generated by org.testng.reporters.JUnitReportReporter -->
<testsuite hostname="DESKTOP-O1AV93M" failures="0" tests="1" name="com.api.test.PutMethod1" time="7.803" errors="0" timestamp="2021-07-02T09:53:55 IST" skipped="0">
  <testcase classname="com.api.test.PutMethod1" name="put1" time="7.803"/>
  <system-out/>
</testsuite> <!-- com.api.test.PutMethod1 -->
