<?xml version="1.0" encoding="UTF-8"?>
<!-- Generated by org.testng.reporters.JUnitReportReporter -->
<testsuite hostname="DESKTOP-O1AV93M" failures="0" tests="1" name="com.api.test.PutMethod" time="7.193" errors="0" timestamp="2021-07-02T09:56:18 IST" skipped="0">
  <testcase classname="com.api.test.PutMethod" name="put" time="7.193"/>
  <system-out/>
</testsuite> <!-- com.api.test.PutMethod -->
