<?xml version="1.0" encoding="UTF-8"?>
<!-- Generated by org.testng.reporters.JUnitReportReporter -->
<testsuite hostname="DESKTOP-O1AV93M" failures="0" tests="1" name="com.api.test.PatchMethod" time="6.240" errors="0" timestamp="2021-06-30T15:04:16 IST" skipped="0">
  <testcase classname="com.api.test.PatchMethod" name="Patch" time="6.240"/>
  <system-out/>
</testsuite> <!-- com.api.test.PatchMethod -->
