<?xml version="1.0" encoding="UTF-8"?>
<!-- Generated by org.testng.reporters.JUnitReportReporter -->
<testsuite hostname="DESKTOP-O1AV93M" failures="0" tests="1" name="com.api.test.GetMethod" time="13.976" errors="0" timestamp="2021-07-02T09:45:49 IST" skipped="0">
  <testcase classname="com.api.test.GetMethod" name="ResponseCode" time="13.976"/>
  <system-out/>
</testsuite> <!-- com.api.test.GetMethod -->
