<?xml version="1.0" encoding="UTF-8"?>
<!-- Generated by org.testng.reporters.JUnitReportReporter -->
<testsuite hostname="DESKTOP-O1AV93M" failures="0" tests="1" name="com.api.test.PostMethod" time="6.198" errors="0" timestamp="2021-07-02T09:49:28 IST" skipped="0">
  <testcase classname="com.api.test.PostMethod" name="Post" time="6.198"/>
  <system-out/>
</testsuite> <!-- com.api.test.PostMethod -->
