<?xml version="1.0" encoding="UTF-8"?>
<!-- Generated by org.testng.reporters.JUnitReportReporter -->
<testsuite hostname="DESKTOP-O1AV93M" failures="0" tests="1" name="com.api.test.DeleteMethod" time="9.847" errors="0" timestamp="2021-07-02T09:57:53 IST" skipped="0">
  <testcase classname="com.api.test.DeleteMethod" name="Delete" time="9.847"/>
  <system-out/>
</testsuite> <!-- com.api.test.DeleteMethod -->
